<?xml version="1.0" encoding="UTF-8" standalone="yes"?><!DOCTYPE report PUBLIC "-//JACOCO//DTD Report 1.1//EN" "report.dtd"><report name="plazacomidas-ms-plazoleta"><sessioninfo id="JESUS-CASTELLANOSP-f40631a8" start="1747436787545" dump="1747436792870"/><sessioninfo id="JESUS-CASTELLANOSP-1288974a" start="1747710525491" dump="1747710532536"/><sessioninfo id="JESUS-CASTELLANOSP-11549b2a" start="1747710636026" dump="1747710643948"/><sessioninfo id="JESUS-CASTELLANOSP-58085483" start="1747710753922" dump="1747710760497"/><sessioninfo id="JESUS-CASTELLANOSP-6f365c41" start="1747711185190" dump="1747711192232"/><sessioninfo id="JESUS-CASTELLANOSP-3d4d1a62" start="1747749044210" dump="1747749048690"/><sessioninfo id="JESUS-CASTELLANOSP-e9fda70c" start="1747749274712" dump="1747749281729"/><sessioninfo id="JESUS-CASTELLANOSP-e0130e8e" start="1747749492280" dump="1747749499062"/><sessioninfo id="JESUS-CASTELLANOSP-11e8b6ae" start="1747750296559" dump="1747750307996"/><sessioninfo id="JESUS-CASTELLANOSP-cce4ffd0" start="1747750877908" dump="1747750908212"/><sessioninfo id="JESUS-CASTELLANOSP-c65c58b2" start="1747753372958" dump="1747753384518"/><sessioninfo id="JESUS-CASTELLANOSP-bb1343c1" start="1747753630459" dump="1747753642856"/><package name="com/plazacomidas/plazoleta/adapters/in/web/controller"><class name="com/plazacomidas/plazoleta/adapters/in/web/controller/RestaurantController" sourcefilename="RestaurantController.java"><method name="create" desc="(Lcom/plazacomidas/plazoleta/adapters/in/web/dto/RestaurantRequestDto;)Lorg/springframework/http/ResponseEntity;" line="26"><counter type="INSTRUCTION" missed="0" covered="11"/><counter type="LINE" missed="0" covered="2"/><counter type="COMPLEXITY" missed="0" covered="1"/><counter type="METHOD" missed="0" covered="1"/></method><counter type="INSTRUCTION" missed="0" covered="11"/><counter type="LINE" missed="0" covered="2"/><counter type="COMPLEXITY" missed="0" covered="1"/><counter type="METHOD" missed="0" covered="1"/><counter type="CLASS" missed="0" covered="1"/></class><class name="com/plazacomidas/plazoleta/adapters/in/web/controller/DishController" sourcefilename="DishController.java"><method name="crearPlato" desc="(Ljava/lang/Long;Lcom/plazacomidas/plazoleta/adapters/in/web/dto/DishRequestDto;)Lcom/plazacomidas/plazoleta/domain/model/Dish;" line="25"><counter type="INSTRUCTION" missed="0" covered="31"/><counter type="LINE" missed="0" covered="11"/><counter type="COMPLEXITY" missed="0" covered="1"/><counter type="METHOD" missed="0" covered="1"/></method><method name="actualizarPlato" desc="(Ljava/lang/Long;Lcom/plazacomidas/plazoleta/adapters/in/web/dto/UpdateDishRequestDto;Ljava/lang/Long;)Lorg/springframework/http/ResponseEntity;" line="46"><counter type="INSTRUCTION" missed="0" covered="9"/><counter type="LINE" missed="0" covered="2"/><counter type="COMPLEXITY" missed="0" covered="1"/><counter type="METHOD" missed="0" covered="1"/></method><counter type="INSTRUCTION" missed="0" covered="40"/><counter type="LINE" missed="0" covered="13"/><counter type="COMPLEXITY" missed="0" covered="2"/><counter type="METHOD" missed="0" covered="2"/><counter type="CLASS" missed="0" covered="1"/></class><sourcefile name="RestaurantController.java"><line nr="26" mi="0" ci="5" mb="0" cb="0"/><line nr="28" mi="0" ci="6" mb="0" cb="0"/><counter type="INSTRUCTION" missed="0" covered="11"/><counter type="LINE" missed="0" covered="2"/><counter type="COMPLEXITY" missed="0" covered="1"/><counter type="METHOD" missed="0" covered="1"/><counter type="CLASS" missed="0" covered="1"/></sourcefile><sourcefile name="DishController.java"><line nr="25" mi="0" ci="2" mb="0" cb="0"/><line nr="27" mi="0" ci="2" mb="0" cb="0"/><line nr="28" mi="0" ci="3" mb="0" cb="0"/><line nr="29" mi="0" ci="3" mb="0" cb="0"/><line nr="30" mi="0" ci="3" mb="0" cb="0"/><line nr="31" mi="0" ci="3" mb="0" cb="0"/><line nr="32" mi="0" ci="3" mb="0" cb="0"/><line nr="33" mi="0" ci="3" mb="0" cb="0"/><line nr="34" mi="0" ci="1" mb="0" cb="0"/><line nr="35" mi="0" ci="2" mb="0" cb="0"/><line nr="37" mi="0" ci="6" mb="0" cb="0"/><line nr="46" mi="0" ci="6" mb="0" cb="0"/><line nr="47" mi="0" ci="3" mb="0" cb="0"/><counter type="INSTRUCTION" missed="0" covered="40"/><counter type="LINE" missed="0" covered="13"/><counter type="COMPLEXITY" missed="0" covered="2"/><counter type="METHOD" missed="0" covered="2"/><counter type="CLASS" missed="0" covered="1"/></sourcefile><counter type="INSTRUCTION" missed="0" covered="51"/><counter type="LINE" missed="0" covered="15"/><counter type="COMPLEXITY" missed="0" covered="3"/><counter type="METHOD" missed="0" covered="3"/><counter type="CLASS" missed="0" covered="2"/></package><package name="com/plazacomidas/plazoleta/common"><class name="com/plazacomidas/plazoleta/common/DishConstants" sourcefilename="DishConstants.java"/><class name="com/plazacomidas/plazoleta/common/RestaurantConstants" sourcefilename="RestaurantConstants.java"/><sourcefile name="DishConstants.java"/><sourcefile name="RestaurantConstants.java"/></package><package name="com/plazacomidas/plazoleta/adapters/in/web/dto"><class name="com/plazacomidas/plazoleta/adapters/in/web/dto/RestaurantRequestDto$RestaurantRequestDtoBuilder" sourcefilename="RestaurantRequestDto.java"/><class name="com/plazacomidas/plazoleta/adapters/in/web/dto/ErrorResponseDto" sourcefilename="ErrorResponseDto.java"/><class name="com/plazacomidas/plazoleta/adapters/in/web/dto/UserResponseDto$UserResponseDtoBuilder" sourcefilename="UserResponseDto.java"/><class name="com/plazacomidas/plazoleta/adapters/in/web/dto/UpdateDishRequestDto" sourcefilename="UpdateDishRequestDto.java"/><class name="com/plazacomidas/plazoleta/adapters/in/web/dto/DishRequestDto" sourcefilename="DishRequestDto.java"><method name="&lt;init&gt;" desc="()V" line="8"><counter type="INSTRUCTION" missed="0" covered="3"/><counter type="LINE" missed="0" covered="1"/><counter type="COMPLEXITY" missed="0" covered="1"/><counter type="METHOD" missed="0" covered="1"/></method><counter type="INSTRUCTION" missed="0" covered="3"/><counter type="LINE" missed="0" covered="1"/><counter type="COMPLEXITY" missed="0" covered="1"/><counter type="METHOD" missed="0" covered="1"/><counter type="CLASS" missed="0" covered="1"/></class><class name="com/plazacomidas/plazoleta/adapters/in/web/dto/RestaurantRequestDto" sourcefilename="RestaurantRequestDto.java"/><class name="com/plazacomidas/plazoleta/adapters/in/web/dto/ErrorResponseDto$ErrorResponseDtoBuilder" sourcefilename="ErrorResponseDto.java"/><class name="com/plazacomidas/plazoleta/adapters/in/web/dto/UserResponseDto" sourcefilename="UserResponseDto.java"/><sourcefile name="UserResponseDto.java"/><sourcefile name="ErrorResponseDto.java"/><sourcefile name="UpdateDishRequestDto.java"/><sourcefile name="DishRequestDto.java"><line nr="8" mi="0" ci="3" mb="0" cb="0"/><counter type="INSTRUCTION" missed="0" covered="3"/><counter type="LINE" missed="0" covered="1"/><counter type="COMPLEXITY" missed="0" covered="1"/><counter type="METHOD" missed="0" covered="1"/><counter type="CLASS" missed="0" covered="1"/></sourcefile><sourcefile name="RestaurantRequestDto.java"/><counter type="INSTRUCTION" missed="0" covered="3"/><counter type="LINE" missed="0" covered="1"/><counter type="COMPLEXITY" missed="0" covered="1"/><counter type="METHOD" missed="0" covered="1"/><counter type="CLASS" missed="0" covered="1"/></package><package name="com/plazacomidas/plazoleta/application/usecase"><class name="com/plazacomidas/plazoleta/application/usecase/UpdateDishUseCase" sourcefilename="UpdateDishUseCase.java"><method name="execute" desc="(Ljava/lang/Long;Ljava/lang/Long;Lcom/plazacomidas/plazoleta/adapters/in/web/dto/UpdateDishRequestDto;)V" line="23"><counter type="INSTRUCTION" missed="0" covered="47"/><counter type="BRANCH" missed="0" covered="2"/><counter type="LINE" missed="0" covered="12"/><counter type="COMPLEXITY" missed="0" covered="2"/><counter type="METHOD" missed="0" covered="1"/></method><method name="lambda$execute$1" desc="()Ljava/lang/IllegalArgumentException;" line="27"><counter type="INSTRUCTION" missed="0" covered="5"/><counter type="LINE" missed="0" covered="1"/><counter type="COMPLEXITY" missed="0" covered="1"/><counter type="METHOD" missed="0" covered="1"/></method><method name="lambda$execute$0" desc="()Ljava/lang/IllegalArgumentException;" line="24"><counter type="INSTRUCTION" missed="0" covered="5"/><counter type="LINE" missed="0" covered="1"/><counter type="COMPLEXITY" missed="0" covered="1"/><counter type="METHOD" missed="0" covered="1"/></method><counter type="INSTRUCTION" missed="0" covered="57"/><counter type="BRANCH" missed="0" covered="2"/><counter type="LINE" missed="0" covered="12"/><counter type="COMPLEXITY" missed="0" covered="4"/><counter type="METHOD" missed="0" covered="3"/><counter type="CLASS" missed="0" covered="1"/></class><class name="com/plazacomidas/plazoleta/application/usecase/CreateDishUseCase" sourcefilename="CreateDishUseCase.java"><method name="execute" desc="(Lcom/plazacomidas/plazoleta/domain/model/Dish;Ljava/lang/Long;)Lcom/plazacomidas/plazoleta/domain/model/Dish;" line="17"><counter type="INSTRUCTION" missed="0" covered="11"/><counter type="LINE" missed="0" covered="2"/><counter type="COMPLEXITY" missed="0" covered="1"/><counter type="METHOD" missed="0" covered="1"/></method><counter type="INSTRUCTION" missed="0" covered="11"/><counter type="LINE" missed="0" covered="2"/><counter type="COMPLEXITY" missed="0" covered="1"/><counter type="METHOD" missed="0" covered="1"/><counter type="CLASS" missed="0" covered="1"/></class><class name="com/plazacomidas/plazoleta/application/usecase/CreateRestaurantUseCase" sourcefilename="CreateRestaurantUseCase.java"><method name="execute" desc="(Lcom/plazacomidas/plazoleta/domain/model/Restaurant;)Lcom/plazacomidas/plazoleta/domain/model/Restaurant;" line="20"><counter type="INSTRUCTION" missed="0" covered="14"/><counter type="LINE" missed="0" covered="3"/><counter type="COMPLEXITY" missed="0" covered="1"/><counter type="METHOD" missed="0" covered="1"/></method><counter type="INSTRUCTION" missed="0" covered="14"/><counter type="LINE" missed="0" covered="3"/><counter type="COMPLEXITY" missed="0" covered="1"/><counter type="METHOD" missed="0" covered="1"/><counter type="CLASS" missed="0" covered="1"/></class><class name="com/plazacomidas/plazoleta/application/usecase/ValidateRestaurantOwnerService" sourcefilename="ValidateRestaurantOwnerService.java"><method name="validate" desc="(Ljava/lang/Long;)V" line="19"><counter type="INSTRUCTION" missed="0" covered="35"/><counter type="BRANCH" missed="0" covered="6"/><counter type="LINE" missed="0" covered="7"/><counter type="COMPLEXITY" missed="0" covered="4"/><counter type="METHOD" missed="0" covered="1"/></method><counter type="INSTRUCTION" missed="0" covered="35"/><counter type="BRANCH" missed="0" covered="6"/><counter type="LINE" missed="0" covered="7"/><counter type="COMPLEXITY" missed="0" covered="4"/><counter type="METHOD" missed="0" covered="1"/><counter type="CLASS" missed="0" covered="1"/></class><sourcefile name="CreateDishUseCase.java"><line nr="17" mi="0" ci="6" mb="0" cb="0"/><line nr="18" mi="0" ci="5" mb="0" cb="0"/><counter type="INSTRUCTION" missed="0" covered="11"/><counter type="LINE" missed="0" covered="2"/><counter type="COMPLEXITY" missed="0" covered="1"/><counter type="METHOD" missed="0" covered="1"/><counter type="CLASS" missed="0" covered="1"/></sourcefile><sourcefile name="ValidateRestaurantOwnerService.java"><line nr="19" mi="0" ci="5" mb="0" cb="0"/><line nr="21" mi="0" ci="9" mb="0" cb="0"/><line nr="23" mi="0" ci="5" mb="0" cb="4"/><line nr="24" mi="0" ci="5" mb="0" cb="0"/><line nr="27" mi="0" ci="5" mb="0" cb="2"/><line nr="28" mi="0" ci="5" mb="0" cb="0"/><line nr="30" mi="0" ci="1" mb="0" cb="0"/><counter type="INSTRUCTION" missed="0" covered="35"/><counter type="BRANCH" missed="0" covered="6"/><counter type="LINE" missed="0" covered="7"/><counter type="COMPLEXITY" missed="0" covered="4"/><counter type="METHOD" missed="0" covered="1"/><counter type="CLASS" missed="0" covered="1"/></sourcefile><sourcefile name="UpdateDishUseCase.java"><line nr="23" mi="0" ci="5" mb="0" cb="0"/><line nr="24" mi="0" ci="8" mb="0" cb="0"/><line nr="26" mi="0" ci="6" mb="0" cb="0"/><line nr="27" mi="0" ci="8" mb="0" cb="0"/><line nr="29" mi="0" ci="5" mb="0" cb="2"/><line nr="30" mi="0" ci="4" mb="0" cb="0"/><line nr="33" mi="0" ci="4" mb="0" cb="0"/><line nr="34" mi="0" ci="4" mb="0" cb="0"/><line nr="36" mi="0" ci="4" mb="0" cb="0"/><line nr="37" mi="0" ci="4" mb="0" cb="0"/><line nr="39" mi="0" ci="4" mb="0" cb="0"/><line nr="40" mi="0" ci="1" mb="0" cb="0"/><counter type="INSTRUCTION" missed="0" covered="57"/><counter type="BRANCH" missed="0" covered="2"/><counter type="LINE" missed="0" covered="12"/><counter type="COMPLEXITY" missed="0" covered="4"/><counter type="METHOD" missed="0" covered="3"/><counter type="CLASS" missed="0" covered="1"/></sourcefile><sourcefile name="CreateRestaurantUseCase.java"><line nr="20" mi="0" ci="4" mb="0" cb="0"/><line nr="21" mi="0" ci="5" mb="0" cb="0"/><line nr="22" mi="0" ci="5" mb="0" cb="0"/><counter type="INSTRUCTION" missed="0" covered="14"/><counter type="LINE" missed="0" covered="3"/><counter type="COMPLEXITY" missed="0" covered="1"/><counter type="METHOD" missed="0" covered="1"/><counter type="CLASS" missed="0" covered="1"/></sourcefile><counter type="INSTRUCTION" missed="0" covered="117"/><counter type="BRANCH" missed="0" covered="8"/><counter type="LINE" missed="0" covered="24"/><counter type="COMPLEXITY" missed="0" covered="10"/><counter type="METHOD" missed="0" covered="6"/><counter type="CLASS" missed="0" covered="4"/></package><package name="com/plazacomidas/plazoleta/domain/repository"><class name="com/plazacomidas/plazoleta/domain/repository/DishRepository" sourcefilename="DishRepository.java"/><class name="com/plazacomidas/plazoleta/domain/repository/RestaurantRepository" sourcefilename="RestaurantRepository.java"/><sourcefile name="DishRepository.java"/><sourcefile name="RestaurantRepository.java"/></package><package name="com/plazacomidas/plazoleta/application/validation"><class name="com/plazacomidas/plazoleta/application/validation/RestaurantFieldValidator" sourcefilename="RestaurantFieldValidator.java"><method name="&lt;init&gt;" desc="(Ljava/lang/String;ILjava/util/function/Predicate;Ljava/lang/String;)V" line="29"><counter type="INSTRUCTION" missed="0" covered="11"/><counter type="LINE" missed="0" covered="4"/><counter type="COMPLEXITY" missed="0" covered="1"/><counter type="METHOD" missed="0" covered="1"/></method><method name="validate" desc="(Ljava/lang/String;)V" line="35"><counter type="INSTRUCTION" missed="0" covered="12"/><counter type="BRANCH" missed="0" covered="2"/><counter type="LINE" missed="0" covered="3"/><counter type="COMPLEXITY" missed="0" covered="2"/><counter type="METHOD" missed="0" covered="1"/></method><method name="lambda$static$4" desc="(Ljava/lang/String;)Z" line="23"><counter type="INSTRUCTION" missed="0" covered="9"/><counter type="BRANCH" missed="1" covered="3"/><counter type="LINE" missed="0" covered="1"/><counter type="COMPLEXITY" missed="1" covered="2"/><counter type="METHOD" missed="0" covered="1"/></method><method name="lambda$static$3" desc="(Ljava/lang/String;)Z" line="20"><counter type="INSTRUCTION" missed="0" covered="9"/><counter type="BRANCH" missed="1" covered="3"/><counter type="LINE" missed="0" covered="1"/><counter type="COMPLEXITY" missed="1" covered="2"/><counter type="METHOD" missed="0" covered="1"/></method><method name="lambda$static$2" desc="(Ljava/lang/String;)Z" line="17"><counter type="INSTRUCTION" missed="0" covered="10"/><counter type="BRANCH" missed="1" covered="3"/><counter type="LINE" missed="0" covered="1"/><counter type="COMPLEXITY" missed="1" covered="2"/><counter type="METHOD" missed="0" covered="1"/></method><method name="lambda$static$1" desc="(Ljava/lang/String;)Z" line="14"><counter type="INSTRUCTION" missed="0" covered="10"/><counter type="BRANCH" missed="1" covered="3"/><counter type="LINE" missed="0" covered="1"/><counter type="COMPLEXITY" missed="1" covered="2"/><counter type="METHOD" missed="0" covered="1"/></method><method name="lambda$static$0" desc="(Ljava/lang/String;)Z" line="11"><counter type="INSTRUCTION" missed="0" covered="13"/><counter type="BRANCH" missed="2" covered="4"/><counter type="LINE" missed="0" covered="1"/><counter type="COMPLEXITY" missed="2" covered="2"/><counter type="METHOD" missed="0" covered="1"/></method><method name="&lt;clinit&gt;" desc="()V" line="9"><counter type="INSTRUCTION" missed="0" covered="43"/><counter type="LINE" missed="0" covered="6"/><counter type="COMPLEXITY" missed="0" covered="1"/><counter type="METHOD" missed="0" covered="1"/></method><counter type="INSTRUCTION" missed="0" covered="117"/><counter type="BRANCH" missed="6" covered="18"/><counter type="LINE" missed="0" covered="13"/><counter type="COMPLEXITY" missed="6" covered="14"/><counter type="METHOD" missed="0" covered="8"/><counter type="CLASS" missed="0" covered="1"/></class><class name="com/plazacomidas/plazoleta/application/validation/DishValidator" sourcefilename="DishValidator.java"><method name="validateCreateDish" desc="(Lcom/plazacomidas/plazoleta/adapters/in/web/dto/DishRequestDto;)V" line="12"><counter type="INSTRUCTION" missed="35" covered="35"/><counter type="BRANCH" missed="10" covered="10"/><counter type="LINE" missed="7" covered="8"/><counter type="COMPLEXITY" missed="10" covered="1"/><counter type="METHOD" missed="0" covered="1"/></method><counter type="INSTRUCTION" missed="35" covered="35"/><counter type="BRANCH" missed="10" covered="10"/><counter type="LINE" missed="7" covered="8"/><counter type="COMPLEXITY" missed="10" covered="1"/><counter type="METHOD" missed="0" covered="1"/><counter type="CLASS" missed="0" covered="1"/></class><class name="com/plazacomidas/plazoleta/application/validation/DishOwnerValidator" sourcefilename="DishOwnerValidator.java"><method name="validateOwnership" desc="(Ljava/lang/Long;Ljava/lang/Long;)V" line="18"><counter type="INSTRUCTION" missed="0" covered="19"/><counter type="BRANCH" missed="0" covered="2"/><counter type="LINE" missed="0" covered="5"/><counter type="COMPLEXITY" missed="0" covered="2"/><counter type="METHOD" missed="0" covered="1"/></method><method name="lambda$validateOwnership$0" desc="()Lcom/plazacomidas/plazoleta/domain/exception/UnauthorizedDishCreationException;" line="19"><counter type="INSTRUCTION" missed="0" covered="5"/><counter type="LINE" missed="0" covered="1"/><counter type="COMPLEXITY" missed="0" covered="1"/><counter type="METHOD" missed="0" covered="1"/></method><counter type="INSTRUCTION" missed="0" covered="24"/><counter type="BRANCH" missed="0" covered="2"/><counter type="LINE" missed="0" covered="5"/><counter type="COMPLEXITY" missed="0" covered="3"/><counter type="METHOD" missed="0" covered="2"/><counter type="CLASS" missed="0" covered="1"/></class><class name="com/plazacomidas/plazoleta/application/validation/RestaurantValidator" sourcefilename="RestaurantValidator.java"><method name="validateCreateRestaurant" desc="(Lcom/plazacomidas/plazoleta/domain/model/Restaurant;)V" line="12"><counter type="INSTRUCTION" missed="21" covered="0"/><counter type="LINE" missed="6" covered="0"/><counter type="COMPLEXITY" missed="1" covered="0"/><counter type="METHOD" missed="1" covered="0"/></method><counter type="INSTRUCTION" missed="21" covered="0"/><counter type="LINE" missed="6" covered="0"/><counter type="COMPLEXITY" missed="1" covered="0"/><counter type="METHOD" missed="1" covered="0"/><counter type="CLASS" missed="1" covered="0"/></class><class name="com/plazacomidas/plazoleta/application/validation/DishFieldValidator" sourcefilename="DishFieldValidator.java"><method name="&lt;init&gt;" desc="(Ljava/lang/String;ILjava/util/function/Predicate;Ljava/lang/String;)V" line="14"><counter type="INSTRUCTION" missed="0" covered="11"/><counter type="LINE" missed="0" covered="4"/><counter type="COMPLEXITY" missed="0" covered="1"/><counter type="METHOD" missed="0" covered="1"/></method><method name="validate" desc="(Ljava/lang/Object;)V" line="20"><counter type="INSTRUCTION" missed="6" covered="6"/><counter type="BRANCH" missed="1" covered="1"/><counter type="LINE" missed="1" covered="2"/><counter type="COMPLEXITY" missed="1" covered="1"/><counter type="METHOD" missed="0" covered="1"/></method><method name="lambda$static$1" desc="(Ljava/lang/Object;)Z" line="9"><counter type="INSTRUCTION" missed="1" covered="11"/><counter type="BRANCH" missed="2" covered="2"/><counter type="LINE" missed="0" covered="1"/><counter type="COMPLEXITY" missed="2" covered="1"/><counter type="METHOD" missed="0" covered="1"/></method><method name="lambda$static$0" desc="(Ljava/lang/Object;)Z" line="7"><counter type="INSTRUCTION" missed="1" covered="10"/><counter type="BRANCH" missed="2" covered="2"/><counter type="LINE" missed="0" covered="1"/><counter type="COMPLEXITY" missed="2" covered="1"/><counter type="METHOD" missed="0" covered="1"/></method><method name="&lt;clinit&gt;" desc="()V" line="5"><counter type="INSTRUCTION" missed="0" covered="19"/><counter type="LINE" missed="0" covered="3"/><counter type="COMPLEXITY" missed="0" covered="1"/><counter type="METHOD" missed="0" covered="1"/></method><counter type="INSTRUCTION" missed="8" covered="57"/><counter type="BRANCH" missed="5" covered="5"/><counter type="LINE" missed="1" covered="9"/><counter type="COMPLEXITY" missed="5" covered="5"/><counter type="METHOD" missed="0" covered="5"/><counter type="CLASS" missed="0" covered="1"/></class><sourcefile name="DishFieldValidator.java"><line nr="5" mi="0" ci="3" mb="0" cb="0"/><line nr="7" mi="1" ci="18" mb="2" cb="2"/><line nr="9" mi="1" ci="19" mb="2" cb="2"/><line nr="14" mi="0" ci="4" mb="0" cb="0"/><line nr="15" mi="0" ci="3" mb="0" cb="0"/><line nr="16" mi="0" ci="3" mb="0" cb="0"/><line nr="17" mi="0" ci="1" mb="0" cb="0"/><line nr="20" mi="0" ci="5" mb="1" cb="1"/><line nr="21" mi="6" ci="0" mb="0" cb="0"/><line nr="23" mi="0" ci="1" mb="0" cb="0"/><counter type="INSTRUCTION" missed="8" covered="57"/><counter type="BRANCH" missed="5" covered="5"/><counter type="LINE" missed="1" covered="9"/><counter type="COMPLEXITY" missed="5" covered="5"/><counter type="METHOD" missed="0" covered="5"/><counter type="CLASS" missed="0" covered="1"/></sourcefile><sourcefile name="DishOwnerValidator.java"><line nr="18" mi="0" ci="5" mb="0" cb="0"/><line nr="19" mi="0" ci="8" mb="0" cb="0"/><line nr="21" mi="0" ci="5" mb="0" cb="2"/><line nr="22" mi="0" ci="5" mb="0" cb="0"/><line nr="24" mi="0" ci="1" mb="0" cb="0"/><counter type="INSTRUCTION" missed="0" covered="24"/><counter type="BRANCH" missed="0" covered="2"/><counter type="LINE" missed="0" covered="5"/><counter type="COMPLEXITY" missed="0" covered="3"/><counter type="METHOD" missed="0" covered="2"/><counter type="CLASS" missed="0" covered="1"/></sourcefile><sourcefile name="RestaurantFieldValidator.java"><line nr="9" mi="0" ci="3" mb="0" cb="0"/><line nr="11" mi="0" ci="21" mb="2" cb="4"/><line nr="14" mi="0" ci="18" mb="1" cb="3"/><line nr="17" mi="0" ci="18" mb="1" cb="3"/><line nr="20" mi="0" ci="17" mb="1" cb="3"/><line nr="23" mi="0" ci="17" mb="1" cb="3"/><line nr="29" mi="0" ci="4" mb="0" cb="0"/><line nr="30" mi="0" ci="3" mb="0" cb="0"/><line nr="31" mi="0" ci="3" mb="0" cb="0"/><line nr="32" mi="0" ci="1" mb="0" cb="0"/><line nr="35" mi="0" ci="5" mb="0" cb="2"/><line nr="36" mi="0" ci="6" mb="0" cb="0"/><line nr="38" mi="0" ci="1" mb="0" cb="0"/><counter type="INSTRUCTION" missed="0" covered="117"/><counter type="BRANCH" missed="6" covered="18"/><counter type="LINE" missed="0" covered="13"/><counter type="COMPLEXITY" missed="6" covered="14"/><counter type="METHOD" missed="0" covered="8"/><counter type="CLASS" missed="0" covered="1"/></sourcefile><sourcefile name="RestaurantValidator.java"><line nr="12" mi="4" ci="0" mb="0" cb="0"/><line nr="13" mi="4" ci="0" mb="0" cb="0"/><line nr="14" mi="4" ci="0" mb="0" cb="0"/><line nr="15" mi="4" ci="0" mb="0" cb="0"/><line nr="16" mi="4" ci="0" mb="0" cb="0"/><line nr="17" mi="1" ci="0" mb="0" cb="0"/><counter type="INSTRUCTION" missed="21" covered="0"/><counter type="LINE" missed="6" covered="0"/><counter type="COMPLEXITY" missed="1" covered="0"/><counter type="METHOD" missed="1" covered="0"/><counter type="CLASS" missed="1" covered="0"/></sourcefile><sourcefile name="DishValidator.java"><line nr="12" mi="0" ci="7" mb="2" cb="2"/><line nr="13" mi="5" ci="0" mb="0" cb="0"/><line nr="16" mi="0" ci="3" mb="1" cb="1"/><line nr="17" mi="5" ci="0" mb="0" cb="0"/><line nr="20" mi="0" ci="4" mb="1" cb="1"/><line nr="21" mi="5" ci="0" mb="0" cb="0"/><line nr="24" mi="0" ci="7" mb="2" cb="2"/><line nr="25" mi="5" ci="0" mb="0" cb="0"/><line nr="28" mi="0" ci="7" mb="2" cb="2"/><line nr="29" mi="5" ci="0" mb="0" cb="0"/><line nr="32" mi="0" ci="3" mb="1" cb="1"/><line nr="33" mi="5" ci="0" mb="0" cb="0"/><line nr="36" mi="0" ci="3" mb="1" cb="1"/><line nr="37" mi="5" ci="0" mb="0" cb="0"/><line nr="39" mi="0" ci="1" mb="0" cb="0"/><counter type="INSTRUCTION" missed="35" covered="35"/><counter type="BRANCH" missed="10" covered="10"/><counter type="LINE" missed="7" covered="8"/><counter type="COMPLEXITY" missed="10" covered="1"/><counter type="METHOD" missed="0" covered="1"/><counter type="CLASS" missed="0" covered="1"/></sourcefile><counter type="INSTRUCTION" missed="64" covered="233"/><counter type="BRANCH" missed="21" covered="35"/><counter type="LINE" missed="14" covered="35"/><counter type="COMPLEXITY" missed="22" covered="23"/><counter type="METHOD" missed="1" covered="16"/><counter type="CLASS" missed="1" covered="4"/></package><package name="com/plazacomidas/plazoleta/infrastructure/adapter/out/database/jpa/repository"><class name="com/plazacomidas/plazoleta/infrastructure/adapter/out/database/jpa/repository/RestaurantJpaRepository" sourcefilename="RestaurantJpaRepository.java"/><class name="com/plazacomidas/plazoleta/infrastructure/adapter/out/database/jpa/repository/DishJpaRepository" sourcefilename="DishJpaRepository.java"/><sourcefile name="RestaurantJpaRepository.java"/><sourcefile name="DishJpaRepository.java"/></package><package name="com/plazacomidas/plazoleta/infrastructure/adapter/out/database/jpa"><class name="com/plazacomidas/plazoleta/infrastructure/adapter/out/database/jpa/DishRepositoryImpl" sourcefilename="DishRepositoryImpl.java"><method name="save" desc="(Lcom/plazacomidas/plazoleta/domain/model/Dish;)Lcom/plazacomidas/plazoleta/domain/model/Dish;" line="22"><counter type="INSTRUCTION" missed="0" covered="16"/><counter type="LINE" missed="0" covered="3"/><counter type="COMPLEXITY" missed="0" covered="1"/><counter type="METHOD" missed="0" covered="1"/></method><method name="update" desc="(Lcom/plazacomidas/plazoleta/domain/model/Dish;)V" line="29"><counter type="INSTRUCTION" missed="0" covered="11"/><counter type="LINE" missed="0" covered="3"/><counter type="COMPLEXITY" missed="0" covered="1"/><counter type="METHOD" missed="0" covered="1"/></method><method name="findById" desc="(Ljava/lang/Long;)Ljava/util/Optional;" line="35"><counter type="INSTRUCTION" missed="0" covered="12"/><counter type="LINE" missed="0" covered="1"/><counter type="COMPLEXITY" missed="0" covered="1"/><counter type="METHOD" missed="0" covered="1"/></method><counter type="INSTRUCTION" missed="0" covered="39"/><counter type="LINE" missed="0" covered="7"/><counter type="COMPLEXITY" missed="0" covered="3"/><counter type="METHOD" missed="0" covered="3"/><counter type="CLASS" missed="0" covered="1"/></class><class name="com/plazacomidas/plazoleta/infrastructure/adapter/out/database/jpa/RestaurantRepositoryImpl" sourcefilename="RestaurantRepositoryImpl.java"><method name="save" desc="(Lcom/plazacomidas/plazoleta/domain/model/Restaurant;)Lcom/plazacomidas/plazoleta/domain/model/Restaurant;" line="21"><counter type="INSTRUCTION" missed="0" covered="12"/><counter type="LINE" missed="0" covered="1"/><counter type="COMPLEXITY" missed="0" covered="1"/><counter type="METHOD" missed="0" covered="1"/></method><method name="findById" desc="(Ljava/lang/Long;)Ljava/util/Optional;" line="26"><counter type="INSTRUCTION" missed="0" covered="12"/><counter type="LINE" missed="0" covered="2"/><counter type="COMPLEXITY" missed="0" covered="1"/><counter type="METHOD" missed="0" covered="1"/></method><counter type="INSTRUCTION" missed="0" covered="24"/><counter type="LINE" missed="0" covered="3"/><counter type="COMPLEXITY" missed="0" covered="2"/><counter type="METHOD" missed="0" covered="2"/><counter type="CLASS" missed="0" covered="1"/></class><sourcefile name="RestaurantRepositoryImpl.java"><line nr="21" mi="0" ci="12" mb="0" cb="0"/><line nr="26" mi="0" ci="8" mb="0" cb="0"/><line nr="27" mi="0" ci="4" mb="0" cb="0"/><counter type="INSTRUCTION" missed="0" covered="24"/><counter type="LINE" missed="0" covered="3"/><counter type="COMPLEXITY" missed="0" covered="2"/><counter type="METHOD" missed="0" covered="2"/><counter type="CLASS" missed="0" covered="1"/></sourcefile><sourcefile name="DishRepositoryImpl.java"><line nr="22" mi="0" ci="5" mb="0" cb="0"/><line nr="23" mi="0" ci="6" mb="0" cb="0"/><line nr="24" mi="0" ci="5" mb="0" cb="0"/><line nr="29" mi="0" ci="5" mb="0" cb="0"/><line nr="30" mi="0" ci="5" mb="0" cb="0"/><line nr="31" mi="0" ci="1" mb="0" cb="0"/><line nr="35" mi="0" ci="12" mb="0" cb="0"/><counter type="INSTRUCTION" missed="0" covered="39"/><counter type="LINE" missed="0" covered="7"/><counter type="COMPLEXITY" missed="0" covered="3"/><counter type="METHOD" missed="0" covered="3"/><counter type="CLASS" missed="0" covered="1"/></sourcefile><counter type="INSTRUCTION" missed="0" covered="63"/><counter type="LINE" missed="0" covered="10"/><counter type="COMPLEXITY" missed="0" covered="5"/><counter type="METHOD" missed="0" covered="5"/><counter type="CLASS" missed="0" covered="2"/></package><package name="com/plazacomidas/plazoleta/domain/model"><class name="com/plazacomidas/plazoleta/domain/model/Restaurant" sourcefilename="Restaurant.java"/><class name="com/plazacomidas/plazoleta/domain/model/Dish" sourcefilename="Dish.java"/><class name="com/plazacomidas/plazoleta/domain/model/Restaurant$RestaurantBuilder" sourcefilename="Restaurant.java"/><class name="com/plazacomidas/plazoleta/domain/model/Dish$DishBuilder" sourcefilename="Dish.java"/><sourcefile name="Restaurant.java"/><sourcefile name="Dish.java"/></package><package name="com/plazacomidas/plazoleta/application/port/in"><class name="com/plazacomidas/plazoleta/application/port/in/CreateRestaurantUseCasePort" sourcefilename="CreateRestaurantUseCasePort.java"/><class name="com/plazacomidas/plazoleta/application/port/in/ValidateRestaurantOwnerPort" sourcefilename="ValidateRestaurantOwnerPort.java"/><class name="com/plazacomidas/plazoleta/application/port/in/UpdateDishUseCasePort" sourcefilename="UpdateDishUseCasePort.java"/><sourcefile name="CreateRestaurantUseCasePort.java"/><sourcefile name="ValidateRestaurantOwnerPort.java"/><sourcefile name="UpdateDishUseCasePort.java"/></package><package name="com/plazacomidas/plazoleta/infrastructure/adapter/out/database/jpa/entity"><class name="com/plazacomidas/plazoleta/infrastructure/adapter/out/database/jpa/entity/RestaurantEntity$RestaurantEntityBuilder" sourcefilename="RestaurantEntity.java"/><class name="com/plazacomidas/plazoleta/infrastructure/adapter/out/database/jpa/entity/DishEntity" sourcefilename="DishEntity.java"><method name="&lt;init&gt;" desc="()V" line="11"><counter type="INSTRUCTION" missed="0" covered="3"/><counter type="LINE" missed="0" covered="1"/><counter type="COMPLEXITY" missed="0" covered="1"/><counter type="METHOD" missed="0" covered="1"/></method><counter type="INSTRUCTION" missed="0" covered="3"/><counter type="LINE" missed="0" covered="1"/><counter type="COMPLEXITY" missed="0" covered="1"/><counter type="METHOD" missed="0" covered="1"/><counter type="CLASS" missed="0" covered="1"/></class><class name="com/plazacomidas/plazoleta/infrastructure/adapter/out/database/jpa/entity/RestaurantEntity" sourcefilename="RestaurantEntity.java"/><sourcefile name="RestaurantEntity.java"/><sourcefile name="DishEntity.java"><line nr="11" mi="0" ci="3" mb="0" cb="0"/><counter type="INSTRUCTION" missed="0" covered="3"/><counter type="LINE" missed="0" covered="1"/><counter type="COMPLEXITY" missed="0" covered="1"/><counter type="METHOD" missed="0" covered="1"/><counter type="CLASS" missed="0" covered="1"/></sourcefile><counter type="INSTRUCTION" missed="0" covered="3"/><counter type="LINE" missed="0" covered="1"/><counter type="COMPLEXITY" missed="0" covered="1"/><counter type="METHOD" missed="0" covered="1"/><counter type="CLASS" missed="0" covered="1"/></package><counter type="INSTRUCTION" missed="64" covered="470"/><counter type="BRANCH" missed="21" covered="43"/><counter type="LINE" missed="14" covered="86"/><counter type="COMPLEXITY" missed="22" covered="43"/><counter type="METHOD" missed="1" covered="32"/><counter type="CLASS" missed="1" covered="14"/></report>