GROUP,PACKAGE,CLASS,INSTRUCTION_MISSED,INSTRUCTION_COVERED,BRANCH_MISSED,BRANCH_COVERED,LINE_MISSED,LINE_COVERED,COMPLEXITY_MISSED,COMPLEXITY_COVERED,METHOD_MISSED,METHOD_COVERED
plazacomidas-ms-plazoleta,com.plazacomidas.plazoleta.adapters.in.web.controller,RestaurantController,0,11,0,0,0,2,0,1,0,1
plazacomidas-ms-plazoleta,com.plazacomidas.plazoleta.application.usecase,CreateRestaurantUseCase,0,14,0,0,0,3,0,1,0,1
plazacomidas-ms-plazoleta,com.plazacomidas.plazoleta.application.usecase,ValidateRestaurantOwnerService,0,35,0,6,0,7,0,4,0,1
plazacomidas-ms-plazoleta,com.plazacomidas.plazoleta.application.validation,RestaurantFieldValidator,0,117,6,18,0,13,6,14,0,8
plazacomidas-ms-plazoleta,com.plazacomidas.plazoleta.application.validation,RestaurantValidator,21,0,0,0,6,0,1,0,1,0
plazacomidas-ms-plazoleta,com.plazacomidas.plazoleta.infrastructure.adapter.out.database.jpa,RestaurantRepositoryImpl,0,12,0,0,0,1,0,1,0,1
