<?xml version="1.0" encoding="UTF-8" standalone="yes"?><!DOCTYPE report PUBLIC "-//JACOCO//DTD Report 1.1//EN" "report.dtd"><report name="plazacomidas-ms-plazoleta"><sessioninfo id="JESUS-CASTELLANOSP-f40631a8" start="1747436787545" dump="1747436792870"/><sessioninfo id="JESUS-CASTELLANOSP-1288974a" start="1747710525491" dump="1747710532536"/><sessioninfo id="JESUS-CASTELLANOSP-11549b2a" start="1747710636026" dump="1747710643948"/><sessioninfo id="JESUS-CASTELLANOSP-58085483" start="1747710753922" dump="1747710760497"/><sessioninfo id="JESUS-CASTELLANOSP-6f365c41" start="1747711185190" dump="1747711192232"/><package name="com/plazacomidas/plazoleta/adapters/in/web/controller"><class name="com/plazacomidas/plazoleta/adapters/in/web/controller/RestaurantController" sourcefilename="RestaurantController.java"><method name="create" desc="(Lcom/plazacomidas/plazoleta/adapters/in/web/dto/RestaurantRequestDto;)Lorg/springframework/http/ResponseEntity;" line="26"><counter type="INSTRUCTION" missed="0" covered="11"/><counter type="LINE" missed="0" covered="2"/><counter type="COMPLEXITY" missed="0" covered="1"/><counter type="METHOD" missed="0" covered="1"/></method><counter type="INSTRUCTION" missed="0" covered="11"/><counter type="LINE" missed="0" covered="2"/><counter type="COMPLEXITY" missed="0" covered="1"/><counter type="METHOD" missed="0" covered="1"/><counter type="CLASS" missed="0" covered="1"/></class><sourcefile name="RestaurantController.java"><line nr="26" mi="0" ci="5" mb="0" cb="0"/><line nr="28" mi="0" ci="6" mb="0" cb="0"/><counter type="INSTRUCTION" missed="0" covered="11"/><counter type="LINE" missed="0" covered="2"/><counter type="COMPLEXITY" missed="0" covered="1"/><counter type="METHOD" missed="0" covered="1"/><counter type="CLASS" missed="0" covered="1"/></sourcefile><counter type="INSTRUCTION" missed="0" covered="11"/><counter type="LINE" missed="0" covered="2"/><counter type="COMPLEXITY" missed="0" covered="1"/><counter type="METHOD" missed="0" covered="1"/><counter type="CLASS" missed="0" covered="1"/></package><package name="com/plazacomidas/plazoleta/common"><class name="com/plazacomidas/plazoleta/common/RestaurantConstants" sourcefilename="RestaurantConstants.java"/><sourcefile name="RestaurantConstants.java"/></package><package name="com/plazacomidas/plazoleta/adapters/in/web/dto"><class name="com/plazacomidas/plazoleta/adapters/in/web/dto/RestaurantRequestDto$RestaurantRequestDtoBuilder" sourcefilename="RestaurantRequestDto.java"/><class name="com/plazacomidas/plazoleta/adapters/in/web/dto/RestaurantRequestDto" sourcefilename="RestaurantRequestDto.java"/><class name="com/plazacomidas/plazoleta/adapters/in/web/dto/ErrorResponseDto$ErrorResponseDtoBuilder" sourcefilename="ErrorResponseDto.java"/><class name="com/plazacomidas/plazoleta/adapters/in/web/dto/ErrorResponseDto" sourcefilename="ErrorResponseDto.java"/><class name="com/plazacomidas/plazoleta/adapters/in/web/dto/UserResponseDto$UserResponseDtoBuilder" sourcefilename="UserResponseDto.java"/><class name="com/plazacomidas/plazoleta/adapters/in/web/dto/UserResponseDto" sourcefilename="UserResponseDto.java"/><sourcefile name="ErrorResponseDto.java"/><sourcefile name="UserResponseDto.java"/><sourcefile name="RestaurantRequestDto.java"/></package><package name="com/plazacomidas/plazoleta/application/usecase"><class name="com/plazacomidas/plazoleta/application/usecase/CreateRestaurantUseCase" sourcefilename="CreateRestaurantUseCase.java"><method name="execute" desc="(Lcom/plazacomidas/plazoleta/domain/model/Restaurant;)Lcom/plazacomidas/plazoleta/domain/model/Restaurant;" line="20"><counter type="INSTRUCTION" missed="0" covered="14"/><counter type="LINE" missed="0" covered="3"/><counter type="COMPLEXITY" missed="0" covered="1"/><counter type="METHOD" missed="0" covered="1"/></method><counter type="INSTRUCTION" missed="0" covered="14"/><counter type="LINE" missed="0" covered="3"/><counter type="COMPLEXITY" missed="0" covered="1"/><counter type="METHOD" missed="0" covered="1"/><counter type="CLASS" missed="0" covered="1"/></class><class name="com/plazacomidas/plazoleta/application/usecase/ValidateRestaurantOwnerService" sourcefilename="ValidateRestaurantOwnerService.java"><method name="validate" desc="(Ljava/lang/Long;)V" line="19"><counter type="INSTRUCTION" missed="0" covered="35"/><counter type="BRANCH" missed="0" covered="6"/><counter type="LINE" missed="0" covered="7"/><counter type="COMPLEXITY" missed="0" covered="4"/><counter type="METHOD" missed="0" covered="1"/></method><counter type="INSTRUCTION" missed="0" covered="35"/><counter type="BRANCH" missed="0" covered="6"/><counter type="LINE" missed="0" covered="7"/><counter type="COMPLEXITY" missed="0" covered="4"/><counter type="METHOD" missed="0" covered="1"/><counter type="CLASS" missed="0" covered="1"/></class><sourcefile name="ValidateRestaurantOwnerService.java"><line nr="19" mi="0" ci="5" mb="0" cb="0"/><line nr="21" mi="0" ci="9" mb="0" cb="0"/><line nr="23" mi="0" ci="5" mb="0" cb="4"/><line nr="24" mi="0" ci="5" mb="0" cb="0"/><line nr="27" mi="0" ci="5" mb="0" cb="2"/><line nr="28" mi="0" ci="5" mb="0" cb="0"/><line nr="30" mi="0" ci="1" mb="0" cb="0"/><counter type="INSTRUCTION" missed="0" covered="35"/><counter type="BRANCH" missed="0" covered="6"/><counter type="LINE" missed="0" covered="7"/><counter type="COMPLEXITY" missed="0" covered="4"/><counter type="METHOD" missed="0" covered="1"/><counter type="CLASS" missed="0" covered="1"/></sourcefile><sourcefile name="CreateRestaurantUseCase.java"><line nr="20" mi="0" ci="4" mb="0" cb="0"/><line nr="21" mi="0" ci="5" mb="0" cb="0"/><line nr="22" mi="0" ci="5" mb="0" cb="0"/><counter type="INSTRUCTION" missed="0" covered="14"/><counter type="LINE" missed="0" covered="3"/><counter type="COMPLEXITY" missed="0" covered="1"/><counter type="METHOD" missed="0" covered="1"/><counter type="CLASS" missed="0" covered="1"/></sourcefile><counter type="INSTRUCTION" missed="0" covered="49"/><counter type="BRANCH" missed="0" covered="6"/><counter type="LINE" missed="0" covered="10"/><counter type="COMPLEXITY" missed="0" covered="5"/><counter type="METHOD" missed="0" covered="2"/><counter type="CLASS" missed="0" covered="2"/></package><package name="com/plazacomidas/plazoleta/domain/repository"><class name="com/plazacomidas/plazoleta/domain/repository/RestaurantRepository" sourcefilename="RestaurantRepository.java"/><sourcefile name="RestaurantRepository.java"/></package><package name="com/plazacomidas/plazoleta/application/validation"><class name="com/plazacomidas/plazoleta/application/validation/RestaurantFieldValidator" sourcefilename="RestaurantFieldValidator.java"><method name="&lt;init&gt;" desc="(Ljava/lang/String;ILjava/util/function/Predicate;Ljava/lang/String;)V" line="29"><counter type="INSTRUCTION" missed="0" covered="11"/><counter type="LINE" missed="0" covered="4"/><counter type="COMPLEXITY" missed="0" covered="1"/><counter type="METHOD" missed="0" covered="1"/></method><method name="validate" desc="(Ljava/lang/String;)V" line="35"><counter type="INSTRUCTION" missed="0" covered="12"/><counter type="BRANCH" missed="0" covered="2"/><counter type="LINE" missed="0" covered="3"/><counter type="COMPLEXITY" missed="0" covered="2"/><counter type="METHOD" missed="0" covered="1"/></method><method name="lambda$static$4" desc="(Ljava/lang/String;)Z" line="23"><counter type="INSTRUCTION" missed="0" covered="9"/><counter type="BRANCH" missed="1" covered="3"/><counter type="LINE" missed="0" covered="1"/><counter type="COMPLEXITY" missed="1" covered="2"/><counter type="METHOD" missed="0" covered="1"/></method><method name="lambda$static$3" desc="(Ljava/lang/String;)Z" line="20"><counter type="INSTRUCTION" missed="0" covered="9"/><counter type="BRANCH" missed="1" covered="3"/><counter type="LINE" missed="0" covered="1"/><counter type="COMPLEXITY" missed="1" covered="2"/><counter type="METHOD" missed="0" covered="1"/></method><method name="lambda$static$2" desc="(Ljava/lang/String;)Z" line="17"><counter type="INSTRUCTION" missed="0" covered="10"/><counter type="BRANCH" missed="1" covered="3"/><counter type="LINE" missed="0" covered="1"/><counter type="COMPLEXITY" missed="1" covered="2"/><counter type="METHOD" missed="0" covered="1"/></method><method name="lambda$static$1" desc="(Ljava/lang/String;)Z" line="14"><counter type="INSTRUCTION" missed="0" covered="10"/><counter type="BRANCH" missed="1" covered="3"/><counter type="LINE" missed="0" covered="1"/><counter type="COMPLEXITY" missed="1" covered="2"/><counter type="METHOD" missed="0" covered="1"/></method><method name="lambda$static$0" desc="(Ljava/lang/String;)Z" line="11"><counter type="INSTRUCTION" missed="0" covered="13"/><counter type="BRANCH" missed="2" covered="4"/><counter type="LINE" missed="0" covered="1"/><counter type="COMPLEXITY" missed="2" covered="2"/><counter type="METHOD" missed="0" covered="1"/></method><method name="&lt;clinit&gt;" desc="()V" line="9"><counter type="INSTRUCTION" missed="0" covered="43"/><counter type="LINE" missed="0" covered="6"/><counter type="COMPLEXITY" missed="0" covered="1"/><counter type="METHOD" missed="0" covered="1"/></method><counter type="INSTRUCTION" missed="0" covered="117"/><counter type="BRANCH" missed="6" covered="18"/><counter type="LINE" missed="0" covered="13"/><counter type="COMPLEXITY" missed="6" covered="14"/><counter type="METHOD" missed="0" covered="8"/><counter type="CLASS" missed="0" covered="1"/></class><class name="com/plazacomidas/plazoleta/application/validation/RestaurantValidator" sourcefilename="RestaurantValidator.java"><method name="validateCreateRestaurant" desc="(Lcom/plazacomidas/plazoleta/domain/model/Restaurant;)V" line="12"><counter type="INSTRUCTION" missed="21" covered="0"/><counter type="LINE" missed="6" covered="0"/><counter type="COMPLEXITY" missed="1" covered="0"/><counter type="METHOD" missed="1" covered="0"/></method><counter type="INSTRUCTION" missed="21" covered="0"/><counter type="LINE" missed="6" covered="0"/><counter type="COMPLEXITY" missed="1" covered="0"/><counter type="METHOD" missed="1" covered="0"/><counter type="CLASS" missed="1" covered="0"/></class><sourcefile name="RestaurantValidator.java"><line nr="12" mi="4" ci="0" mb="0" cb="0"/><line nr="13" mi="4" ci="0" mb="0" cb="0"/><line nr="14" mi="4" ci="0" mb="0" cb="0"/><line nr="15" mi="4" ci="0" mb="0" cb="0"/><line nr="16" mi="4" ci="0" mb="0" cb="0"/><line nr="17" mi="1" ci="0" mb="0" cb="0"/><counter type="INSTRUCTION" missed="21" covered="0"/><counter type="LINE" missed="6" covered="0"/><counter type="COMPLEXITY" missed="1" covered="0"/><counter type="METHOD" missed="1" covered="0"/><counter type="CLASS" missed="1" covered="0"/></sourcefile><sourcefile name="RestaurantFieldValidator.java"><line nr="9" mi="0" ci="3" mb="0" cb="0"/><line nr="11" mi="0" ci="21" mb="2" cb="4"/><line nr="14" mi="0" ci="18" mb="1" cb="3"/><line nr="17" mi="0" ci="18" mb="1" cb="3"/><line nr="20" mi="0" ci="17" mb="1" cb="3"/><line nr="23" mi="0" ci="17" mb="1" cb="3"/><line nr="29" mi="0" ci="4" mb="0" cb="0"/><line nr="30" mi="0" ci="3" mb="0" cb="0"/><line nr="31" mi="0" ci="3" mb="0" cb="0"/><line nr="32" mi="0" ci="1" mb="0" cb="0"/><line nr="35" mi="0" ci="5" mb="0" cb="2"/><line nr="36" mi="0" ci="6" mb="0" cb="0"/><line nr="38" mi="0" ci="1" mb="0" cb="0"/><counter type="INSTRUCTION" missed="0" covered="117"/><counter type="BRANCH" missed="6" covered="18"/><counter type="LINE" missed="0" covered="13"/><counter type="COMPLEXITY" missed="6" covered="14"/><counter type="METHOD" missed="0" covered="8"/><counter type="CLASS" missed="0" covered="1"/></sourcefile><counter type="INSTRUCTION" missed="21" covered="117"/><counter type="BRANCH" missed="6" covered="18"/><counter type="LINE" missed="6" covered="13"/><counter type="COMPLEXITY" missed="7" covered="14"/><counter type="METHOD" missed="1" covered="8"/><counter type="CLASS" missed="1" covered="1"/></package><package name="com/plazacomidas/plazoleta/infrastructure/adapter/out/database/jpa/repository"><class name="com/plazacomidas/plazoleta/infrastructure/adapter/out/database/jpa/repository/RestaurantJpaRepository" sourcefilename="RestaurantJpaRepository.java"/><sourcefile name="RestaurantJpaRepository.java"/></package><package name="com/plazacomidas/plazoleta/infrastructure/adapter/out/database/jpa"><class name="com/plazacomidas/plazoleta/infrastructure/adapter/out/database/jpa/RestaurantRepositoryImpl" sourcefilename="RestaurantRepositoryImpl.java"><method name="save" desc="(Lcom/plazacomidas/plazoleta/domain/model/Restaurant;)Lcom/plazacomidas/plazoleta/domain/model/Restaurant;" line="19"><counter type="INSTRUCTION" missed="0" covered="12"/><counter type="LINE" missed="0" covered="1"/><counter type="COMPLEXITY" missed="0" covered="1"/><counter type="METHOD" missed="0" covered="1"/></method><counter type="INSTRUCTION" missed="0" covered="12"/><counter type="LINE" missed="0" covered="1"/><counter type="COMPLEXITY" missed="0" covered="1"/><counter type="METHOD" missed="0" covered="1"/><counter type="CLASS" missed="0" covered="1"/></class><sourcefile name="RestaurantRepositoryImpl.java"><line nr="19" mi="0" ci="12" mb="0" cb="0"/><counter type="INSTRUCTION" missed="0" covered="12"/><counter type="LINE" missed="0" covered="1"/><counter type="COMPLEXITY" missed="0" covered="1"/><counter type="METHOD" missed="0" covered="1"/><counter type="CLASS" missed="0" covered="1"/></sourcefile><counter type="INSTRUCTION" missed="0" covered="12"/><counter type="LINE" missed="0" covered="1"/><counter type="COMPLEXITY" missed="0" covered="1"/><counter type="METHOD" missed="0" covered="1"/><counter type="CLASS" missed="0" covered="1"/></package><package name="com/plazacomidas/plazoleta/domain/model"><class name="com/plazacomidas/plazoleta/domain/model/Restaurant$RestaurantBuilder" sourcefilename="Restaurant.java"/><class name="com/plazacomidas/plazoleta/domain/model/Restaurant" sourcefilename="Restaurant.java"/><sourcefile name="Restaurant.java"/></package><package name="com/plazacomidas/plazoleta/application/port/in"><class name="com/plazacomidas/plazoleta/application/port/in/CreateRestaurantUseCasePort" sourcefilename="CreateRestaurantUseCasePort.java"/><class name="com/plazacomidas/plazoleta/application/port/in/ValidateRestaurantOwnerPort" sourcefilename="ValidateRestaurantOwnerPort.java"/><sourcefile name="CreateRestaurantUseCasePort.java"/><sourcefile name="ValidateRestaurantOwnerPort.java"/></package><package name="com/plazacomidas/plazoleta/infrastructure/adapter/out/database/jpa/entity"><class name="com/plazacomidas/plazoleta/infrastructure/adapter/out/database/jpa/entity/RestaurantEntity" sourcefilename="RestaurantEntity.java"/><class name="com/plazacomidas/plazoleta/infrastructure/adapter/out/database/jpa/entity/RestaurantEntity$RestaurantEntityBuilder" sourcefilename="RestaurantEntity.java"/><sourcefile name="RestaurantEntity.java"/></package><counter type="INSTRUCTION" missed="21" covered="189"/><counter type="BRANCH" missed="6" covered="24"/><counter type="LINE" missed="6" covered="26"/><counter type="COMPLEXITY" missed="7" covered="21"/><counter type="METHOD" missed="1" covered="12"/><counter type="CLASS" missed="1" covered="5"/></report>